
*** Running vivado
    with args -log clk_func.vds -m64 -product Vivado -mode batch -messageDb vivado.pb -notrace -source clk_func.tcl


****** Vivado v2017.2 (64-bit)
  **** SW Build 1909853 on Thu Jun 15 18:39:09 MDT 2017
  **** IP Build 1909766 on Thu Jun 15 19:58:00 MDT 2017
    ** Copyright 1986-2017 Xilinx, Inc. All Rights Reserved.

source clk_func.tcl -notrace
Starting RTL Elaboration : Time (s): cpu = 00:00:03 ; elapsed = 00:00:03 . Memory (MB): peak = 364.000 ; gain = 81.625
INFO: [Synth 8-638] synthesizing module 'clk_func' [g:/prj5_apollo-master-3bd193289902d4aded5121b45787793f054fa79c/mips/NEHCPU/NEHCPU.srcs/sources_1/ip/clk_func/clk_func.v:71]
INFO: [Synth 8-638] synthesizing module 'clk_func_clk_wiz' [g:/prj5_apollo-master-3bd193289902d4aded5121b45787793f054fa79c/mips/NEHCPU/NEHCPU.srcs/sources_1/ip/clk_func/clk_func_clk_wiz.v:69]
INFO: [Synth 8-638] synthesizing module 'IBUF' [F:/Xilinx/Vivado/2017.2/scripts/rt/data/unisim_comp.v:14470]
INFO: [Synth 8-256] done synthesizing module 'IBUF' (1#1) [F:/Xilinx/Vivado/2017.2/scripts/rt/data/unisim_comp.v:14470]
INFO: [Synth 8-638] synthesizing module 'MMCME2_ADV' [F:/Xilinx/Vivado/2017.2/scripts/rt/data/unisim_comp.v:20759]
INFO: [Synth 8-256] done synthesizing module 'MMCME2_ADV' (2#1) [F:/Xilinx/Vivado/2017.2/scripts/rt/data/unisim_comp.v:20759]
INFO: [Synth 8-638] synthesizing module 'BUFG' [F:/Xilinx/Vivado/2017.2/scripts/rt/data/unisim_comp.v:607]
INFO: [Synth 8-256] done synthesizing module 'BUFG' (3#1) [F:/Xilinx/Vivado/2017.2/scripts/rt/data/unisim_comp.v:607]
INFO: [Synth 8-638] synthesizing module 'BUFGCE' [F:/Xilinx/Vivado/2017.2/scripts/rt/data/unisim_comp.v:617]
INFO: [Synth 8-256] done synthesizing module 'BUFGCE' (4#1) [F:/Xilinx/Vivado/2017.2/scripts/rt/data/unisim_comp.v:617]
INFO: [Synth 8-638] synthesizing module 'BUFH' [F:/Xilinx/Vivado/2017.2/scripts/rt/data/unisim_comp.v:806]
INFO: [Synth 8-256] done synthesizing module 'BUFH' (5#1) [F:/Xilinx/Vivado/2017.2/scripts/rt/data/unisim_comp.v:806]
INFO: [Synth 8-256] done synthesizing module 'clk_func_clk_wiz' (6#1) [g:/prj5_apollo-master-3bd193289902d4aded5121b45787793f054fa79c/mips/NEHCPU/NEHCPU.srcs/sources_1/ip/clk_func/clk_func_clk_wiz.v:69]
INFO: [Synth 8-256] done synthesizing module 'clk_func' (7#1) [g:/prj5_apollo-master-3bd193289902d4aded5121b45787793f054fa79c/mips/NEHCPU/NEHCPU.srcs/sources_1/ip/clk_func/clk_func.v:71]
Finished RTL Elaboration : Time (s): cpu = 00:00:03 ; elapsed = 00:00:04 . Memory (MB): peak = 404.324 ; gain = 121.949
Finished RTL Optimization Phase 1 : Time (s): cpu = 00:00:03 ; elapsed = 00:00:04 . Memory (MB): peak = 404.324 ; gain = 121.949
INFO: [Device 21-403] Loading part xc7a100tfgg676-2L
Constraint Validation Runtime : Time (s): cpu = 00:00:00 ; elapsed = 00:00:00.017 . Memory (MB): peak = 646.414 ; gain = 0.000
Finished Constraint Validation : Time (s): cpu = 00:00:11 ; elapsed = 00:00:12 . Memory (MB): peak = 646.414 ; gain = 364.039
Finished Loading Part and Timing Information : Time (s): cpu = 00:00:11 ; elapsed = 00:00:12 . Memory (MB): peak = 646.414 ; gain = 364.039
Finished applying 'set_property' XDC Constraints : Time (s): cpu = 00:00:11 ; elapsed = 00:00:12 . Memory (MB): peak = 646.414 ; gain = 364.039
Finished RTL Optimization Phase 2 : Time (s): cpu = 00:00:12 ; elapsed = 00:00:12 . Memory (MB): peak = 646.414 ; gain = 364.039
Finished Cross Boundary and Area Optimization : Time (s): cpu = 00:00:12 ; elapsed = 00:00:12 . Memory (MB): peak = 646.414 ; gain = 364.039
Finished Applying XDC Timing Constraints : Time (s): cpu = 00:00:21 ; elapsed = 00:00:22 . Memory (MB): peak = 658.578 ; gain = 376.203
Finished Timing Optimization : Time (s): cpu = 00:00:21 ; elapsed = 00:00:22 . Memory (MB): peak = 658.578 ; gain = 376.203
Finished Technology Mapping : Time (s): cpu = 00:00:22 ; elapsed = 00:00:22 . Memory (MB): peak = 677.859 ; gain = 395.484
Finished IO Insertion : Time (s): cpu = 00:00:22 ; elapsed = 00:00:23 . Memory (MB): peak = 677.859 ; gain = 395.484
Finished Renaming Generated Instances : Time (s): cpu = 00:00:22 ; elapsed = 00:00:23 . Memory (MB): peak = 677.859 ; gain = 395.484
Finished Rebuilding User Hierarchy : Time (s): cpu = 00:00:22 ; elapsed = 00:00:23 . Memory (MB): peak = 677.859 ; gain = 395.484
Finished Renaming Generated Ports : Time (s): cpu = 00:00:22 ; elapsed = 00:00:23 . Memory (MB): peak = 677.859 ; gain = 395.484
Finished Handling Custom Attributes : Time (s): cpu = 00:00:22 ; elapsed = 00:00:23 . Memory (MB): peak = 677.859 ; gain = 395.484
Finished Renaming Generated Nets : Time (s): cpu = 00:00:22 ; elapsed = 00:00:23 . Memory (MB): peak = 677.859 ; gain = 395.484

Report Cell Usage: 
+------+-----------+------+
|      |Cell       |Count |
+------+-----------+------+
|1     |BUFG       |     1|
|2     |BUFGCE     |     2|
|3     |BUFH       |     2|
|4     |MMCME2_ADV |     1|
|5     |FDRE       |    16|
|6     |IBUF       |     1|
+------+-----------+------+
Finished Writing Synthesis Report : Time (s): cpu = 00:00:22 ; elapsed = 00:00:23 . Memory (MB): peak = 677.859 ; gain = 395.484
synth_design: Time (s): cpu = 00:00:24 ; elapsed = 00:00:24 . Memory (MB): peak = 681.238 ; gain = 401.488
